<?xml version="1.0" encoding="UTF-8"?>
<testng-results ignored="0" total="1" passed="1" failed="0" skipped="0">
  <reporter-output>
  </reporter-output>
  <suite started-at="2023-07-21T11:00:27 IST" name="Default suite" finished-at="2023-07-21T11:02:08 IST" duration-ms="100606">
    <groups>
    </groups>
    <test started-at="2023-07-21T11:00:27 IST" name="Default test" finished-at="2023-07-21T11:02:08 IST" duration-ms="100606">
      <class name="NewTest">
        <test-method is-config="true" signature="beforeTest()[pri:0, instance:NewTest@397fbdb]" started-at="2023-07-21T11:00:27 IST" name="beforeTest" finished-at="2023-07-21T11:02:07 IST" duration-ms="100073" status="PASS">
          <reporter-output>
          </reporter-output>
        </test-method> <!-- beforeTest -->
        <test-method signature="f()[pri:0, instance:NewTest@397fbdb]" started-at="2023-07-21T11:02:07 IST" name="f" finished-at="2023-07-21T11:02:08 IST" duration-ms="220" status="PASS">
          <reporter-output>
          </reporter-output>
        </test-method> <!-- f -->
        <test-method is-config="true" signature="afterTest()[pri:0, instance:NewTest@397fbdb]" started-at="2023-07-21T11:02:08 IST" name="afterTest" finished-at="2023-07-21T11:02:08 IST" duration-ms="0" status="PASS">
          <reporter-output>
          </reporter-output>
        </test-method> <!-- afterTest -->
      </class> <!-- NewTest -->
    </test> <!-- Default test -->
  </suite> <!-- Default suite -->
</testng-results>
